2023-04-23 19:16:30.459  INFO 7352 --- [main] searchengine.Application                 : Starting Application using Java 17.0.2 on HOME-PC with PID 7352 (C:\Users\Alex\IdeaProjects\searchengine\target\classes started by Alex in C:\Users\Alex\IdeaProjects\searchengine)
2023-04-23 19:16:30.463  INFO 7352 --- [main] searchengine.Application                 : No active profile set, falling back to 1 default profile: "default"
2023-04-23 19:16:31.719  INFO 7352 --- [main] .s.d.r.c.RepositoryConfigurationDelegate : Bootstrapping Spring Data JPA repositories in DEFAULT mode.
2023-04-23 19:16:31.832  INFO 7352 --- [main] .s.d.r.c.RepositoryConfigurationDelegate : Finished Spring Data repository scanning in 95 ms. Found 4 JPA repository interfaces.
2023-04-23 19:16:32.742  INFO 7352 --- [main] o.s.b.w.embedded.tomcat.TomcatWebServer  : Tomcat initialized with port(s): 8080 (http)
2023-04-23 19:16:32.759  INFO 7352 --- [main] o.apache.catalina.core.StandardService   : Starting service [Tomcat]
2023-04-23 19:16:32.760  INFO 7352 --- [main] org.apache.catalina.core.StandardEngine  : Starting Servlet engine: [Apache Tomcat/9.0.64]
2023-04-23 19:16:32.937  INFO 7352 --- [main] o.a.c.c.C.[Tomcat].[localhost].[/]       : Initializing Spring embedded WebApplicationContext
2023-04-23 19:16:32.938  INFO 7352 --- [main] w.s.c.ServletWebServerApplicationContext : Root WebApplicationContext: initialization completed in 2410 ms
2023-04-23 19:16:33.252  INFO 7352 --- [main] o.hibernate.jpa.internal.util.LogHelper  : HHH000204: Processing PersistenceUnitInfo [name: default]
2023-04-23 19:16:33.365  INFO 7352 --- [main] org.hibernate.Version                    : HHH000412: Hibernate ORM core version 5.6.9.Final
2023-04-23 19:16:33.639  INFO 7352 --- [main] o.hibernate.annotations.common.Version   : HCANN000001: Hibernate Commons Annotations {5.1.2.Final}
2023-04-23 19:16:33.783  INFO 7352 --- [main] com.zaxxer.hikari.HikariDataSource       : HikariPool-1 - Starting...
2023-04-23 19:16:34.001  INFO 7352 --- [main] com.zaxxer.hikari.HikariDataSource       : HikariPool-1 - Start completed.
2023-04-23 19:16:34.026  INFO 7352 --- [main] org.hibernate.dialect.Dialect            : HHH000400: Using dialect: org.hibernate.dialect.MySQL8Dialect
2023-04-23 19:16:35.051  INFO 7352 --- [main] o.h.e.t.j.p.i.JtaPlatformInitiator       : HHH000490: Using JtaPlatform implementation: [org.hibernate.engine.transaction.jta.platform.internal.NoJtaPlatform]
2023-04-23 19:16:35.060  INFO 7352 --- [main] j.LocalContainerEntityManagerFactoryBean : Initialized JPA EntityManagerFactory for persistence unit 'default'
2023-04-23 19:16:35.726  WARN 7352 --- [main] JpaBaseConfiguration$JpaWebConfiguration : spring.jpa.open-in-view is enabled by default. Therefore, database queries may be performed during view rendering. Explicitly configure spring.jpa.open-in-view to disable this warning
2023-04-23 19:16:35.983  INFO 7352 --- [main] o.s.b.a.w.s.WelcomePageHandlerMapping    : Adding welcome page template: index
2023-04-23 19:16:36.281  INFO 7352 --- [main] o.s.b.w.embedded.tomcat.TomcatWebServer  : Tomcat started on port(s): 8080 (http) with context path ''
2023-04-23 19:16:36.292  INFO 7352 --- [main] searchengine.Application                 : Started Application in 6.474 seconds (JVM running for 7.535)
2023-04-23 19:16:41.314  INFO 7352 --- [http-nio-8080-exec-1] o.a.c.c.C.[Tomcat].[localhost].[/]       : Initializing Spring DispatcherServlet 'dispatcherServlet'
2023-04-23 19:16:41.315  INFO 7352 --- [http-nio-8080-exec-1] o.s.web.servlet.DispatcherServlet        : Initializing Servlet 'dispatcherServlet'
2023-04-23 19:16:41.316  INFO 7352 --- [http-nio-8080-exec-1] o.s.web.servlet.DispatcherServlet        : Completed initialization in 1 ms
2023-04-23 19:16:46.184  INFO 7352 --- [http-nio-8080-exec-9] s.services.IndexingServiceImpl           : Старт очистки базы
2023-04-23 19:16:46.227  INFO 7352 --- [http-nio-8080-exec-9] s.services.IndexingServiceImpl           : Очистка закончена, старт индексации
2023-04-23 19:16:51.201  INFO 7352 --- [ForkJoinPool-3-worker-2] o.h.e.j.b.internal.AbstractBatchImpl     : HHH000010: On release of batch it still contained JDBC statements
2023-04-23 19:16:51.396  WARN 7352 --- [ForkJoinPool-3-worker-2] searchengine.services.CreatingMap        : org.springframework.orm.ObjectOptimisticLockingFailureException: Batch update returned unexpected row count from update [0]; actual row count: 0; expected: 1; statement executed: update lemmas set frequency=?, lemma=?, site_id=?, version=? where id=? and version=?; nested exception is org.hibernate.StaleStateException: Batch update returned unexpected row count from update [0]; actual row count: 0; expected: 1; statement executed: update lemmas set frequency=?, lemma=?, site_id=?, version=? where id=? and version=?
2023-04-23 19:16:51.642  INFO 7352 --- [ForkJoinPool-3-worker-3] o.h.e.j.b.internal.AbstractBatchImpl     : HHH000010: On release of batch it still contained JDBC statements
2023-04-23 19:16:51.673  WARN 7352 --- [ForkJoinPool-3-worker-3] searchengine.services.CreatingMap        : org.springframework.orm.ObjectOptimisticLockingFailureException: Batch update returned unexpected row count from update [0]; actual row count: 0; expected: 1; statement executed: update lemmas set frequency=?, lemma=?, site_id=?, version=? where id=? and version=?; nested exception is org.hibernate.StaleStateException: Batch update returned unexpected row count from update [0]; actual row count: 0; expected: 1; statement executed: update lemmas set frequency=?, lemma=?, site_id=?, version=? where id=? and version=?
2023-04-23 19:16:52.843  INFO 7352 --- [ForkJoinPool-3-worker-6] o.h.e.j.b.internal.AbstractBatchImpl     : HHH000010: On release of batch it still contained JDBC statements
2023-04-23 19:16:52.848  INFO 7352 --- [ForkJoinPool-3-worker-8] o.h.e.j.b.internal.AbstractBatchImpl     : HHH000010: On release of batch it still contained JDBC statements
2023-04-23 19:16:52.853  WARN 7352 --- [ForkJoinPool-3-worker-6] searchengine.services.CreatingMap        : org.springframework.orm.ObjectOptimisticLockingFailureException: Batch update returned unexpected row count from update [0]; actual row count: 0; expected: 1; statement executed: update lemmas set frequency=?, lemma=?, site_id=?, version=? where id=? and version=?; nested exception is org.hibernate.StaleStateException: Batch update returned unexpected row count from update [0]; actual row count: 0; expected: 1; statement executed: update lemmas set frequency=?, lemma=?, site_id=?, version=? where id=? and version=?
2023-04-23 19:16:52.857  WARN 7352 --- [ForkJoinPool-3-worker-8] searchengine.services.CreatingMap        : org.springframework.orm.ObjectOptimisticLockingFailureException: Batch update returned unexpected row count from update [0]; actual row count: 0; expected: 1; statement executed: update lemmas set frequency=?, lemma=?, site_id=?, version=? where id=? and version=?; nested exception is org.hibernate.StaleStateException: Batch update returned unexpected row count from update [0]; actual row count: 0; expected: 1; statement executed: update lemmas set frequency=?, lemma=?, site_id=?, version=? where id=? and version=?
2023-04-23 19:16:52.966  WARN 7352 --- [ForkJoinPool-3-worker-3] searchengine.services.CreatingMap        : org.springframework.orm.ObjectOptimisticLockingFailureException: Object of class [searchengine.model.Lemma] with identifier [13]: optimistic locking failed; nested exception is org.hibernate.StaleObjectStateException: Row was updated or deleted by another transaction (or unsaved-value mapping was incorrect) : [searchengine.model.Lemma#13]
2023-04-23 19:16:54.180  INFO 7352 --- [ForkJoinPool-3-worker-1] o.h.e.j.b.internal.AbstractBatchImpl     : HHH000010: On release of batch it still contained JDBC statements
2023-04-23 19:16:54.198  WARN 7352 --- [ForkJoinPool-3-worker-1] searchengine.services.CreatingMap        : org.springframework.orm.ObjectOptimisticLockingFailureException: Batch update returned unexpected row count from update [0]; actual row count: 0; expected: 1; statement executed: update lemmas set frequency=?, lemma=?, site_id=?, version=? where id=? and version=?; nested exception is org.hibernate.StaleStateException: Batch update returned unexpected row count from update [0]; actual row count: 0; expected: 1; statement executed: update lemmas set frequency=?, lemma=?, site_id=?, version=? where id=? and version=?
2023-04-23 19:16:54.614  INFO 7352 --- [ForkJoinPool-3-worker-7] o.h.e.j.b.internal.AbstractBatchImpl     : HHH000010: On release of batch it still contained JDBC statements
2023-04-23 19:16:54.624  WARN 7352 --- [ForkJoinPool-3-worker-7] searchengine.services.CreatingMap        : org.springframework.orm.ObjectOptimisticLockingFailureException: Batch update returned unexpected row count from update [0]; actual row count: 0; expected: 1; statement executed: update lemmas set frequency=?, lemma=?, site_id=?, version=? where id=? and version=?; nested exception is org.hibernate.StaleStateException: Batch update returned unexpected row count from update [0]; actual row count: 0; expected: 1; statement executed: update lemmas set frequency=?, lemma=?, site_id=?, version=? where id=? and version=?
2023-04-23 19:16:56.879  INFO 7352 --- [ForkJoinPool-3-worker-2] o.h.e.j.b.internal.AbstractBatchImpl     : HHH000010: On release of batch it still contained JDBC statements
2023-04-23 19:16:56.891  WARN 7352 --- [ForkJoinPool-3-worker-2] searchengine.services.CreatingMap        : org.springframework.orm.ObjectOptimisticLockingFailureException: Batch update returned unexpected row count from update [0]; actual row count: 0; expected: 1; statement executed: update lemmas set frequency=?, lemma=?, site_id=?, version=? where id=? and version=?; nested exception is org.hibernate.StaleStateException: Batch update returned unexpected row count from update [0]; actual row count: 0; expected: 1; statement executed: update lemmas set frequency=?, lemma=?, site_id=?, version=? where id=? and version=?
2023-04-23 19:16:58.528  INFO 7352 --- [ForkJoinPool-1-worker-3] o.h.e.j.b.internal.AbstractBatchImpl     : HHH000010: On release of batch it still contained JDBC statements
2023-04-23 19:16:58.581  WARN 7352 --- [ForkJoinPool-1-worker-3] searchengine.services.CreatingMap        : org.springframework.orm.ObjectOptimisticLockingFailureException: Batch update returned unexpected row count from update [0]; actual row count: 0; expected: 1; statement executed: update lemmas set frequency=?, lemma=?, site_id=?, version=? where id=? and version=?; nested exception is org.hibernate.StaleStateException: Batch update returned unexpected row count from update [0]; actual row count: 0; expected: 1; statement executed: update lemmas set frequency=?, lemma=?, site_id=?, version=? where id=? and version=?
2023-04-23 19:16:59.314  WARN 7352 --- [ForkJoinPool-1-worker-1] searchengine.services.CreatingMap        : org.springframework.orm.ObjectOptimisticLockingFailureException: Object of class [searchengine.model.Lemma] with identifier [11]: optimistic locking failed; nested exception is org.hibernate.StaleObjectStateException: Row was updated or deleted by another transaction (or unsaved-value mapping was incorrect) : [searchengine.model.Lemma#11]
2023-04-23 19:16:59.549  INFO 7352 --- [ForkJoinPool-1-worker-4] o.h.e.j.b.internal.AbstractBatchImpl     : HHH000010: On release of batch it still contained JDBC statements
2023-04-23 19:16:59.577  WARN 7352 --- [ForkJoinPool-1-worker-4] searchengine.services.CreatingMap        : org.springframework.orm.ObjectOptimisticLockingFailureException: Batch update returned unexpected row count from update [0]; actual row count: 0; expected: 1; statement executed: update lemmas set frequency=?, lemma=?, site_id=?, version=? where id=? and version=?; nested exception is org.hibernate.StaleStateException: Batch update returned unexpected row count from update [0]; actual row count: 0; expected: 1; statement executed: update lemmas set frequency=?, lemma=?, site_id=?, version=? where id=? and version=?
2023-04-23 19:17:00.331  INFO 7352 --- [ForkJoinPool-1-worker-5] o.h.e.j.b.internal.AbstractBatchImpl     : HHH000010: On release of batch it still contained JDBC statements
2023-04-23 19:17:00.376  WARN 7352 --- [ForkJoinPool-1-worker-5] searchengine.services.CreatingMap        : org.springframework.orm.ObjectOptimisticLockingFailureException: Batch update returned unexpected row count from update [0]; actual row count: 0; expected: 1; statement executed: update lemmas set frequency=?, lemma=?, site_id=?, version=? where id=? and version=?; nested exception is org.hibernate.StaleStateException: Batch update returned unexpected row count from update [0]; actual row count: 0; expected: 1; statement executed: update lemmas set frequency=?, lemma=?, site_id=?, version=? where id=? and version=?
2023-04-23 19:17:00.753  WARN 7352 --- [ForkJoinPool-1-worker-7] searchengine.services.CreatingMap        : org.springframework.orm.ObjectOptimisticLockingFailureException: Object of class [searchengine.model.Lemma] with identifier [87]: optimistic locking failed; nested exception is org.hibernate.StaleObjectStateException: Row was updated or deleted by another transaction (or unsaved-value mapping was incorrect) : [searchengine.model.Lemma#87]
2023-04-23 19:17:01.011  WARN 7352 --- [ForkJoinPool-1-worker-6] searchengine.services.CreatingMap        : org.springframework.orm.ObjectOptimisticLockingFailureException: Object of class [searchengine.model.Lemma] with identifier [44]: optimistic locking failed; nested exception is org.hibernate.StaleObjectStateException: Row was updated or deleted by another transaction (or unsaved-value mapping was incorrect) : [searchengine.model.Lemma#44]
2023-04-23 19:17:01.542  INFO 7352 --- [ForkJoinPool-3-worker-7] o.h.e.j.b.internal.AbstractBatchImpl     : HHH000010: On release of batch it still contained JDBC statements
2023-04-23 19:17:01.587  WARN 7352 --- [ForkJoinPool-3-worker-7] searchengine.services.CreatingMap        : org.springframework.orm.ObjectOptimisticLockingFailureException: Batch update returned unexpected row count from update [0]; actual row count: 0; expected: 1; statement executed: update lemmas set frequency=?, lemma=?, site_id=?, version=? where id=? and version=?; nested exception is org.hibernate.StaleStateException: Batch update returned unexpected row count from update [0]; actual row count: 0; expected: 1; statement executed: update lemmas set frequency=?, lemma=?, site_id=?, version=? where id=? and version=?
2023-04-23 19:17:02.522  WARN 7352 --- [ForkJoinPool-1-worker-5] searchengine.services.CreatingMap        : org.springframework.dao.IncorrectResultSizeDataAccessException: query did not return a unique result: 2; nested exception is javax.persistence.NonUniqueResultException: query did not return a unique result: 2
2023-04-23 19:17:02.752  WARN 7352 --- [ForkJoinPool-1-worker-7] searchengine.services.CreatingMap        : org.springframework.dao.IncorrectResultSizeDataAccessException: query did not return a unique result: 2; nested exception is javax.persistence.NonUniqueResultException: query did not return a unique result: 2
2023-04-23 19:17:02.933  WARN 7352 --- [ForkJoinPool-3-worker-2] searchengine.services.CreatingMap        : org.springframework.orm.ObjectOptimisticLockingFailureException: Object of class [searchengine.model.Lemma] with identifier [269]: optimistic locking failed; nested exception is org.hibernate.StaleObjectStateException: Row was updated or deleted by another transaction (or unsaved-value mapping was incorrect) : [searchengine.model.Lemma#269]
2023-04-23 19:17:03.178  WARN 7352 --- [ForkJoinPool-1-worker-6] searchengine.services.CreatingMap        : org.springframework.dao.IncorrectResultSizeDataAccessException: query did not return a unique result: 2; nested exception is javax.persistence.NonUniqueResultException: query did not return a unique result: 2
2023-04-23 19:17:04.244  INFO 7352 --- [ForkJoinPool-3-worker-3] o.h.e.j.b.internal.AbstractBatchImpl     : HHH000010: On release of batch it still contained JDBC statements
2023-04-23 19:17:04.262  WARN 7352 --- [ForkJoinPool-3-worker-3] searchengine.services.CreatingMap        : org.springframework.orm.ObjectOptimisticLockingFailureException: Batch update returned unexpected row count from update [0]; actual row count: 0; expected: 1; statement executed: update lemmas set frequency=?, lemma=?, site_id=?, version=? where id=? and version=?; nested exception is org.hibernate.StaleStateException: Batch update returned unexpected row count from update [0]; actual row count: 0; expected: 1; statement executed: update lemmas set frequency=?, lemma=?, site_id=?, version=? where id=? and version=?
2023-04-23 19:17:05.373  WARN 7352 --- [ForkJoinPool-1-worker-7] searchengine.services.CreatingMap        : org.springframework.dao.IncorrectResultSizeDataAccessException: query did not return a unique result: 2; nested exception is javax.persistence.NonUniqueResultException: query did not return a unique result: 2
2023-04-23 19:17:06.907  INFO 7352 --- [ForkJoinPool-3-worker-3] o.h.e.j.b.internal.AbstractBatchImpl     : HHH000010: On release of batch it still contained JDBC statements
2023-04-23 19:17:06.942  WARN 7352 --- [ForkJoinPool-3-worker-3] searchengine.services.CreatingMap        : org.springframework.orm.ObjectOptimisticLockingFailureException: Batch update returned unexpected row count from update [0]; actual row count: 0; expected: 1; statement executed: update lemmas set frequency=?, lemma=?, site_id=?, version=? where id=? and version=?; nested exception is org.hibernate.StaleStateException: Batch update returned unexpected row count from update [0]; actual row count: 0; expected: 1; statement executed: update lemmas set frequency=?, lemma=?, site_id=?, version=? where id=? and version=?
2023-04-23 19:17:08.048  WARN 7352 --- [ForkJoinPool-1-worker-7] searchengine.services.CreatingMap        : org.springframework.dao.IncorrectResultSizeDataAccessException: query did not return a unique result: 2; nested exception is javax.persistence.NonUniqueResultException: query did not return a unique result: 2
2023-04-23 19:17:09.875  WARN 7352 --- [ForkJoinPool-3-worker-4] searchengine.services.CreatingMap        : org.springframework.orm.ObjectOptimisticLockingFailureException: Object of class [searchengine.model.Lemma] with identifier [226]: optimistic locking failed; nested exception is org.hibernate.StaleObjectStateException: Row was updated or deleted by another transaction (or unsaved-value mapping was incorrect) : [searchengine.model.Lemma#226]
2023-04-23 19:17:10.469  INFO 7352 --- [ForkJoinPool-3-worker-2] o.h.e.j.b.internal.AbstractBatchImpl     : HHH000010: On release of batch it still contained JDBC statements
2023-04-23 19:17:10.513  WARN 7352 --- [ForkJoinPool-3-worker-2] searchengine.services.CreatingMap        : org.springframework.orm.ObjectOptimisticLockingFailureException: Batch update returned unexpected row count from update [0]; actual row count: 0; expected: 1; statement executed: update lemmas set frequency=?, lemma=?, site_id=?, version=? where id=? and version=?; nested exception is org.hibernate.StaleStateException: Batch update returned unexpected row count from update [0]; actual row count: 0; expected: 1; statement executed: update lemmas set frequency=?, lemma=?, site_id=?, version=? where id=? and version=?
2023-04-23 19:17:11.230  INFO 7352 --- [ForkJoinPool-3-worker-3] o.h.e.j.b.internal.AbstractBatchImpl     : HHH000010: On release of batch it still contained JDBC statements
2023-04-23 19:17:11.240  WARN 7352 --- [ForkJoinPool-3-worker-3] searchengine.services.CreatingMap        : org.springframework.orm.ObjectOptimisticLockingFailureException: Batch update returned unexpected row count from update [0]; actual row count: 0; expected: 1; statement executed: update lemmas set frequency=?, lemma=?, site_id=?, version=? where id=? and version=?; nested exception is org.hibernate.StaleStateException: Batch update returned unexpected row count from update [0]; actual row count: 0; expected: 1; statement executed: update lemmas set frequency=?, lemma=?, site_id=?, version=? where id=? and version=?
2023-04-23 19:17:11.762  INFO 7352 --- [ForkJoinPool-3-worker-8] o.h.e.j.b.internal.AbstractBatchImpl     : HHH000010: On release of batch it still contained JDBC statements
2023-04-23 19:17:11.776  WARN 7352 --- [ForkJoinPool-3-worker-8] searchengine.services.CreatingMap        : org.springframework.orm.ObjectOptimisticLockingFailureException: Batch update returned unexpected row count from update [0]; actual row count: 0; expected: 1; statement executed: update lemmas set frequency=?, lemma=?, site_id=?, version=? where id=? and version=?; nested exception is org.hibernate.StaleStateException: Batch update returned unexpected row count from update [0]; actual row count: 0; expected: 1; statement executed: update lemmas set frequency=?, lemma=?, site_id=?, version=? where id=? and version=?
2023-04-23 19:17:15.002  WARN 7352 --- [ForkJoinPool-3-worker-2] searchengine.services.CreatingMap        : org.springframework.orm.ObjectOptimisticLockingFailureException: Object of class [searchengine.model.Lemma] with identifier [2033]: optimistic locking failed; nested exception is org.hibernate.StaleObjectStateException: Row was updated or deleted by another transaction (or unsaved-value mapping was incorrect) : [searchengine.model.Lemma#2033]
2023-04-23 19:17:17.012  INFO 7352 --- [ForkJoinPool-2-worker-8] o.h.e.j.b.internal.AbstractBatchImpl     : HHH000010: On release of batch it still contained JDBC statements
2023-04-23 19:17:17.054  WARN 7352 --- [ForkJoinPool-2-worker-8] searchengine.services.CreatingMap        : org.springframework.orm.ObjectOptimisticLockingFailureException: Batch update returned unexpected row count from update [0]; actual row count: 0; expected: 1; statement executed: update lemmas set frequency=?, lemma=?, site_id=?, version=? where id=? and version=?; nested exception is org.hibernate.StaleStateException: Batch update returned unexpected row count from update [0]; actual row count: 0; expected: 1; statement executed: update lemmas set frequency=?, lemma=?, site_id=?, version=? where id=? and version=?
2023-04-23 19:17:17.238  WARN 7352 --- [ForkJoinPool-2-worker-1] searchengine.services.CreatingMap        : org.springframework.orm.ObjectOptimisticLockingFailureException: Object of class [searchengine.model.Lemma] with identifier [24]: optimistic locking failed; nested exception is org.hibernate.StaleObjectStateException: Row was updated or deleted by another transaction (or unsaved-value mapping was incorrect) : [searchengine.model.Lemma#24]
2023-04-23 19:17:17.497  WARN 7352 --- [ForkJoinPool-3-worker-3] searchengine.services.CreatingMap        : org.springframework.orm.ObjectOptimisticLockingFailureException: Object of class [searchengine.model.Lemma] with identifier [85]: optimistic locking failed; nested exception is org.hibernate.StaleObjectStateException: Row was updated or deleted by another transaction (or unsaved-value mapping was incorrect) : [searchengine.model.Lemma#85]
2023-04-23 19:17:17.642  WARN 7352 --- [ForkJoinPool-2-worker-7] searchengine.services.CreatingMap        : org.springframework.orm.ObjectOptimisticLockingFailureException: Object of class [searchengine.model.Lemma] with identifier [9]: optimistic locking failed; nested exception is org.hibernate.StaleObjectStateException: Row was updated or deleted by another transaction (or unsaved-value mapping was incorrect) : [searchengine.model.Lemma#9]
2023-04-23 19:17:17.792  INFO 7352 --- [ForkJoinPool-2-worker-6] o.h.e.j.b.internal.AbstractBatchImpl     : HHH000010: On release of batch it still contained JDBC statements
2023-04-23 19:17:17.835  WARN 7352 --- [ForkJoinPool-2-worker-6] searchengine.services.CreatingMap        : org.springframework.orm.ObjectOptimisticLockingFailureException: Batch update returned unexpected row count from update [0]; actual row count: 0; expected: 1; statement executed: update lemmas set frequency=?, lemma=?, site_id=?, version=? where id=? and version=?; nested exception is org.hibernate.StaleStateException: Batch update returned unexpected row count from update [0]; actual row count: 0; expected: 1; statement executed: update lemmas set frequency=?, lemma=?, site_id=?, version=? where id=? and version=?
2023-04-23 19:17:18.754  INFO 7352 --- [ForkJoinPool-3-worker-7] o.h.e.j.b.internal.AbstractBatchImpl     : HHH000010: On release of batch it still contained JDBC statements
2023-04-23 19:17:18.777  WARN 7352 --- [ForkJoinPool-3-worker-7] searchengine.services.CreatingMap        : org.springframework.orm.ObjectOptimisticLockingFailureException: Batch update returned unexpected row count from update [0]; actual row count: 0; expected: 1; statement executed: update lemmas set frequency=?, lemma=?, site_id=?, version=? where id=? and version=?; nested exception is org.hibernate.StaleStateException: Batch update returned unexpected row count from update [0]; actual row count: 0; expected: 1; statement executed: update lemmas set frequency=?, lemma=?, site_id=?, version=? where id=? and version=?
2023-04-23 19:17:19.673  INFO 7352 --- [ForkJoinPool-2-worker-6] o.h.e.j.b.internal.AbstractBatchImpl     : HHH000010: On release of batch it still contained JDBC statements
2023-04-23 19:17:19.747  WARN 7352 --- [ForkJoinPool-2-worker-6] searchengine.services.CreatingMap        : org.springframework.orm.ObjectOptimisticLockingFailureException: Batch update returned unexpected row count from update [0]; actual row count: 0; expected: 1; statement executed: update lemmas set frequency=?, lemma=?, site_id=?, version=? where id=? and version=?; nested exception is org.hibernate.StaleStateException: Batch update returned unexpected row count from update [0]; actual row count: 0; expected: 1; statement executed: update lemmas set frequency=?, lemma=?, site_id=?, version=? where id=? and version=?
2023-04-23 19:17:19.884  INFO 7352 --- [ForkJoinPool-3-worker-8] o.h.e.j.b.internal.AbstractBatchImpl     : HHH000010: On release of batch it still contained JDBC statements
2023-04-23 19:17:19.911  WARN 7352 --- [ForkJoinPool-3-worker-8] searchengine.services.CreatingMap        : org.springframework.orm.ObjectOptimisticLockingFailureException: Batch update returned unexpected row count from update [0]; actual row count: 0; expected: 1; statement executed: update lemmas set frequency=?, lemma=?, site_id=?, version=? where id=? and version=?; nested exception is org.hibernate.StaleStateException: Batch update returned unexpected row count from update [0]; actual row count: 0; expected: 1; statement executed: update lemmas set frequency=?, lemma=?, site_id=?, version=? where id=? and version=?
2023-04-23 19:17:21.776  WARN 7352 --- [ForkJoinPool-1-worker-5] searchengine.services.CreatingMap        : org.springframework.orm.ObjectOptimisticLockingFailureException: Object of class [searchengine.model.Lemma] with identifier [680]: optimistic locking failed; nested exception is org.hibernate.StaleObjectStateException: Row was updated or deleted by another transaction (or unsaved-value mapping was incorrect) : [searchengine.model.Lemma#680]
2023-04-23 19:17:22.295  WARN 7352 --- [ForkJoinPool-3-worker-6] searchengine.services.CreatingMap        : org.springframework.orm.ObjectOptimisticLockingFailureException: Object of class [searchengine.model.Lemma] with identifier [204]: optimistic locking failed; nested exception is org.hibernate.StaleObjectStateException: Row was updated or deleted by another transaction (or unsaved-value mapping was incorrect) : [searchengine.model.Lemma#204]
2023-04-23 19:17:23.313  WARN 7352 --- [ForkJoinPool-2-worker-3] searchengine.services.CreatingMap        : org.springframework.orm.ObjectOptimisticLockingFailureException: Object of class [searchengine.model.Lemma] with identifier [137]: optimistic locking failed; nested exception is org.hibernate.StaleObjectStateException: Row was updated or deleted by another transaction (or unsaved-value mapping was incorrect) : [searchengine.model.Lemma#137]
2023-04-23 19:17:24.109  WARN 7352 --- [ForkJoinPool-1-worker-5] searchengine.services.CreatingMap        : org.springframework.dao.IncorrectResultSizeDataAccessException: query did not return a unique result: 2; nested exception is javax.persistence.NonUniqueResultException: query did not return a unique result: 2
2023-04-23 19:17:25.301  WARN 7352 --- [ForkJoinPool-2-worker-7] searchengine.services.CreatingMap        : org.springframework.orm.ObjectOptimisticLockingFailureException: Object of class [searchengine.model.Lemma] with identifier [137]: optimistic locking failed; nested exception is org.hibernate.StaleObjectStateException: Row was updated or deleted by another transaction (or unsaved-value mapping was incorrect) : [searchengine.model.Lemma#137]
2023-04-23 19:17:27.333  WARN 7352 --- [ForkJoinPool-1-worker-5] searchengine.services.CreatingMap        : org.springframework.dao.IncorrectResultSizeDataAccessException: query did not return a unique result: 2; nested exception is javax.persistence.NonUniqueResultException: query did not return a unique result: 2
2023-04-23 19:17:30.105  WARN 7352 --- [ForkJoinPool-1-worker-5] searchengine.services.CreatingMap        : org.springframework.dao.IncorrectResultSizeDataAccessException: query did not return a unique result: 2; nested exception is javax.persistence.NonUniqueResultException: query did not return a unique result: 2
2023-04-23 19:17:30.732  WARN 7352 --- [ForkJoinPool-1-worker-3] searchengine.services.CreatingMap        : org.springframework.orm.ObjectOptimisticLockingFailureException: Object of class [searchengine.model.Lemma] with identifier [869]: optimistic locking failed; nested exception is org.hibernate.StaleObjectStateException: Row was updated or deleted by another transaction (or unsaved-value mapping was incorrect) : [searchengine.model.Lemma#869]
2023-04-23 19:17:33.352  INFO 7352 --- [ForkJoinPool-2-worker-6] o.h.e.j.b.internal.AbstractBatchImpl     : HHH000010: On release of batch it still contained JDBC statements
2023-04-23 19:17:33.413  WARN 7352 --- [ForkJoinPool-2-worker-6] searchengine.services.CreatingMap        : org.springframework.orm.ObjectOptimisticLockingFailureException: Batch update returned unexpected row count from update [0]; actual row count: 0; expected: 1; statement executed: update lemmas set frequency=?, lemma=?, site_id=?, version=? where id=? and version=?; nested exception is org.hibernate.StaleStateException: Batch update returned unexpected row count from update [0]; actual row count: 0; expected: 1; statement executed: update lemmas set frequency=?, lemma=?, site_id=?, version=? where id=? and version=?
2023-04-23 19:17:33.971  WARN 7352 --- [ForkJoinPool-1-worker-3] searchengine.services.CreatingMap        : org.springframework.dao.IncorrectResultSizeDataAccessException: query did not return a unique result: 2; nested exception is javax.persistence.NonUniqueResultException: query did not return a unique result: 2
2023-04-23 19:17:35.026  WARN 7352 --- [ForkJoinPool-3-worker-8] searchengine.services.CreatingMap        : org.springframework.orm.ObjectOptimisticLockingFailureException: Object of class [searchengine.model.Lemma] with identifier [275]: optimistic locking failed; nested exception is org.hibernate.StaleObjectStateException: Row was updated or deleted by another transaction (or unsaved-value mapping was incorrect) : [searchengine.model.Lemma#275]
2023-04-23 19:17:36.181  WARN 7352 --- [ForkJoinPool-3-worker-5] searchengine.services.CreatingMap        : org.springframework.orm.ObjectOptimisticLockingFailureException: Object of class [searchengine.model.Lemma] with identifier [275]: optimistic locking failed; nested exception is org.hibernate.StaleObjectStateException: Row was updated or deleted by another transaction (or unsaved-value mapping was incorrect) : [searchengine.model.Lemma#275]
2023-04-23 19:17:37.649  WARN 7352 --- [ForkJoinPool-1-worker-8] searchengine.services.CreatingMap        : org.springframework.orm.ObjectOptimisticLockingFailureException: Object of class [searchengine.model.Lemma] with identifier [568]: optimistic locking failed; nested exception is org.hibernate.StaleObjectStateException: Row was updated or deleted by another transaction (or unsaved-value mapping was incorrect) : [searchengine.model.Lemma#568]
2023-04-23 19:17:38.415  INFO 7352 --- [ForkJoinPool-3-worker-7] searchengine.services.CreatingMap        : Индексация остановлена пользователем: https://www.playback.ru/
2023-04-23 19:17:38.416  INFO 7352 --- [ForkJoinPool-3-worker-8] searchengine.services.CreatingMap        : Индексация остановлена пользователем: https://www.playback.ru/
2023-04-23 19:17:38.444  INFO 7352 --- [ForkJoinPool-3-worker-4] searchengine.services.CreatingMap        : Индексация остановлена пользователем: https://www.playback.ru/
2023-04-23 19:17:38.435  INFO 7352 --- [ForkJoinPool-2-worker-5] searchengine.services.CreatingMap        : Индексация остановлена пользователем: https://lenta.ru/
2023-04-23 19:17:38.453  INFO 7352 --- [ForkJoinPool-1-worker-5] searchengine.services.CreatingMap        : Индексация остановлена пользователем: https://skillbox.ru/
2023-04-23 19:17:38.454  INFO 7352 --- [ForkJoinPool-1-worker-7] searchengine.services.CreatingMap        : Индексация остановлена пользователем: https://skillbox.ru/
2023-04-23 19:17:38.458  INFO 7352 --- [ForkJoinPool-2-worker-4] searchengine.services.CreatingMap        : Индексация остановлена пользователем: https://lenta.ru/
2023-04-23 19:17:38.461  INFO 7352 --- [ForkJoinPool-2-worker-7] searchengine.services.CreatingMap        : Индексация остановлена пользователем: https://lenta.ru/
2023-04-23 19:17:38.468  INFO 7352 --- [ForkJoinPool-2-worker-8] searchengine.services.CreatingMap        : Индексация остановлена пользователем: https://lenta.ru/
2023-04-23 19:17:38.480  WARN 7352 --- [ForkJoinPool-2-worker-6] o.h.engine.jdbc.spi.SqlExceptionHelper   : SQL Error: 0, SQLState: null
2023-04-23 19:17:38.481 ERROR 7352 --- [ForkJoinPool-2-worker-6] o.h.engine.jdbc.spi.SqlExceptionHelper   : HikariPool-1 - Interrupted during connection acquisition
2023-04-23 19:17:38.481  WARN 7352 --- [ForkJoinPool-1-worker-4] o.h.engine.jdbc.spi.SqlExceptionHelper   : SQL Error: 0, SQLState: null
2023-04-23 19:17:38.481 ERROR 7352 --- [ForkJoinPool-1-worker-4] o.h.engine.jdbc.spi.SqlExceptionHelper   : HikariPool-1 - Interrupted during connection acquisition
2023-04-23 19:17:38.483  WARN 7352 --- [ForkJoinPool-2-worker-2] o.h.engine.jdbc.spi.SqlExceptionHelper   : SQL Error: 0, SQLState: null
2023-04-23 19:17:38.485 ERROR 7352 --- [ForkJoinPool-2-worker-2] o.h.engine.jdbc.spi.SqlExceptionHelper   : HikariPool-1 - Interrupted during connection acquisition
2023-04-23 19:17:38.487  WARN 7352 --- [ForkJoinPool-3-worker-7] searchengine.services.CreatingMap        : java.lang.InterruptedException: sleep interrupted
2023-04-23 19:17:38.490  INFO 7352 --- [ForkJoinPool-2-worker-3] searchengine.services.CreatingMap        : Индексация остановлена пользователем: https://lenta.ru/
2023-04-23 19:17:38.496  WARN 7352 --- [ForkJoinPool-3-worker-8] searchengine.services.CreatingMap        : java.lang.InterruptedException: sleep interrupted
2023-04-23 19:17:38.503  WARN 7352 --- [ForkJoinPool-1-worker-6] o.h.engine.jdbc.spi.SqlExceptionHelper   : SQL Error: 0, SQLState: null
2023-04-23 19:17:38.504 ERROR 7352 --- [ForkJoinPool-1-worker-6] o.h.engine.jdbc.spi.SqlExceptionHelper   : HikariPool-1 - Interrupted during connection acquisition
2023-04-23 19:17:38.508  INFO 7352 --- [ForkJoinPool-2-worker-6] searchengine.services.CreatingMap        : Индексация остановлена пользователем: https://lenta.ru/
2023-04-23 19:17:38.535  INFO 7352 --- [ForkJoinPool-3-worker-6] searchengine.services.CreatingMap        : Индексация остановлена пользователем: https://www.playback.ru/
2023-04-23 19:17:38.545  INFO 7352 --- [ForkJoinPool-2-worker-2] searchengine.services.CreatingMap        : Индексация остановлена пользователем: https://lenta.ru/
2023-04-23 19:17:38.548  INFO 7352 --- [ForkJoinPool-1-worker-4] searchengine.services.CreatingMap        : Индексация остановлена пользователем: https://skillbox.ru/
2023-04-23 19:17:38.551  WARN 7352 --- [ForkJoinPool-3-worker-4] searchengine.services.CreatingMap        : java.lang.InterruptedException: sleep interrupted
2023-04-23 19:17:38.570  WARN 7352 --- [ForkJoinPool-2-worker-5] searchengine.services.CreatingMap        : java.lang.InterruptedException: sleep interrupted
2023-04-23 19:17:38.574  WARN 7352 --- [ForkJoinPool-3-worker-6] searchengine.services.CreatingMap        : java.lang.InterruptedException: sleep interrupted
2023-04-23 19:17:38.574  INFO 7352 --- [ForkJoinPool-3-worker-5] searchengine.services.CreatingMap        : Индексация остановлена пользователем: https://www.playback.ru/
2023-04-23 19:17:38.576  INFO 7352 --- [ForkJoinPool-3-worker-3] searchengine.services.CreatingMap        : Индексация остановлена пользователем: https://www.playback.ru/
2023-04-23 19:17:38.578  WARN 7352 --- [ForkJoinPool-1-worker-3] o.h.engine.jdbc.spi.SqlExceptionHelper   : SQL Error: 0, SQLState: null
2023-04-23 19:17:38.595  WARN 7352 --- [ForkJoinPool-2-worker-8] searchengine.services.CreatingMap        : java.lang.InterruptedException: sleep interrupted
2023-04-23 19:17:38.596  INFO 7352 --- [ForkJoinPool-3-worker-2] searchengine.services.CreatingMap        : Индексация остановлена пользователем: https://www.playback.ru/
2023-04-23 19:17:38.580 ERROR 7352 --- [ForkJoinPool-1-worker-3] o.h.engine.jdbc.spi.SqlExceptionHelper   : HikariPool-1 - Interrupted during connection acquisition
2023-04-23 19:17:38.599  WARN 7352 --- [ForkJoinPool-2-worker-6] searchengine.services.CreatingMap        : org.springframework.transaction.CannotCreateTransactionException: Could not open JPA EntityManager for transaction; nested exception is org.hibernate.exception.GenericJDBCException: Unable to acquire JDBC Connection
2023-04-23 19:17:38.601  WARN 7352 --- [ForkJoinPool-2-worker-4] searchengine.services.CreatingMap        : java.lang.InterruptedException: sleep interrupted
2023-04-23 19:17:38.601  WARN 7352 --- [ForkJoinPool-2-worker-3] searchengine.services.CreatingMap        : java.lang.InterruptedException: sleep interrupted
2023-04-23 19:17:38.602  WARN 7352 --- [ForkJoinPool-3-worker-5] searchengine.services.CreatingMap        : java.lang.InterruptedException: sleep interrupted
2023-04-23 19:17:38.602  WARN 7352 --- [ForkJoinPool-2-worker-2] searchengine.services.CreatingMap        : org.springframework.transaction.CannotCreateTransactionException: Could not open JPA EntityManager for transaction; nested exception is org.hibernate.exception.GenericJDBCException: Unable to acquire JDBC Connection
2023-04-23 19:17:38.603  WARN 7352 --- [ForkJoinPool-1-worker-5] searchengine.services.CreatingMap        : java.lang.InterruptedException: sleep interrupted
2023-04-23 19:17:38.607  WARN 7352 --- [ForkJoinPool-1-worker-4] searchengine.services.CreatingMap        : org.springframework.transaction.CannotCreateTransactionException: Could not open JPA EntityManager for transaction; nested exception is org.hibernate.exception.GenericJDBCException: Unable to acquire JDBC Connection
2023-04-23 19:17:38.609  WARN 7352 --- [ForkJoinPool-2-worker-7] o.h.engine.jdbc.spi.SqlExceptionHelper   : SQL Error: 0, SQLState: null
2023-04-23 19:17:38.609  WARN 7352 --- [ForkJoinPool-3-worker-2] searchengine.services.CreatingMap        : java.lang.InterruptedException: sleep interrupted
2023-04-23 19:17:38.609 ERROR 7352 --- [ForkJoinPool-2-worker-7] o.h.engine.jdbc.spi.SqlExceptionHelper   : HikariPool-1 - Interrupted during connection acquisition
2023-04-23 19:17:38.610  WARN 7352 --- [ForkJoinPool-3-worker-3] searchengine.services.CreatingMap        : java.lang.InterruptedException: sleep interrupted
2023-04-23 19:17:38.611  INFO 7352 --- [ForkJoinPool-1-worker-6] searchengine.services.CreatingMap        : Индексация остановлена пользователем: https://skillbox.ru/
2023-04-23 19:17:38.611  INFO 7352 --- [ForkJoinPool-1-worker-3] searchengine.services.CreatingMap        : Индексация остановлена пользователем: https://skillbox.ru/
2023-04-23 19:17:38.613  WARN 7352 --- [ForkJoinPool-1-worker-7] searchengine.services.CreatingMap        : java.lang.InterruptedException: sleep interrupted
2023-04-23 19:17:38.629  INFO 7352 --- [ForkJoinPool-1-worker-2] searchengine.services.CreatingMap        : Индексация остановлена пользователем: https://skillbox.ru/
2023-04-23 19:17:38.665  WARN 7352 --- [ForkJoinPool-1-worker-3] searchengine.services.CreatingMap        : org.springframework.transaction.CannotCreateTransactionException: Could not open JPA EntityManager for transaction; nested exception is org.hibernate.exception.GenericJDBCException: Unable to acquire JDBC Connection
2023-04-23 19:17:38.666  WARN 7352 --- [ForkJoinPool-1-worker-6] searchengine.services.CreatingMap        : org.springframework.transaction.CannotCreateTransactionException: Could not open JPA EntityManager for transaction; nested exception is org.hibernate.exception.GenericJDBCException: Unable to acquire JDBC Connection
2023-04-23 19:17:38.679  WARN 7352 --- [ForkJoinPool-1-worker-2] searchengine.services.CreatingMap        : java.lang.InterruptedException: sleep interrupted
2023-04-23 19:17:38.878  INFO 7352 --- [ForkJoinPool-1-worker-8] searchengine.services.CreatingMap        : Индексация остановлена пользователем: https://skillbox.ru/
2023-04-23 19:17:38.902  WARN 7352 --- [ForkJoinPool-1-worker-8] searchengine.services.CreatingMap        : java.lang.InterruptedException: sleep interrupted
2023-04-23 19:19:18.990  INFO 7352 --- [SpringApplicationShutdownHook] j.LocalContainerEntityManagerFactoryBean : Closing JPA EntityManagerFactory for persistence unit 'default'
2023-04-23 19:19:18.993  INFO 7352 --- [SpringApplicationShutdownHook] com.zaxxer.hikari.HikariDataSource       : HikariPool-1 - Shutdown initiated...
2023-04-23 19:19:19.002  INFO 7352 --- [SpringApplicationShutdownHook] com.zaxxer.hikari.HikariDataSource       : HikariPool-1 - Shutdown completed.
2023-04-23 21:02:40.310  INFO 9680 --- [main] searchengine.Application                 : Starting Application using Java 17.0.2 on HOME-PC with PID 9680 (C:\Users\Alex\IdeaProjects\searchengine\target\classes started by Alex in C:\Users\Alex\IdeaProjects\searchengine)
2023-04-23 21:02:40.315  INFO 9680 --- [main] searchengine.Application                 : No active profile set, falling back to 1 default profile: "default"
2023-04-23 21:02:41.098  INFO 9680 --- [main] .s.d.r.c.RepositoryConfigurationDelegate : Bootstrapping Spring Data JPA repositories in DEFAULT mode.
2023-04-23 21:02:41.229  INFO 9680 --- [main] .s.d.r.c.RepositoryConfigurationDelegate : Finished Spring Data repository scanning in 107 ms. Found 4 JPA repository interfaces.
2023-04-23 21:02:41.988  INFO 9680 --- [main] o.s.b.w.embedded.tomcat.TomcatWebServer  : Tomcat initialized with port(s): 8080 (http)
2023-04-23 21:02:42.003  INFO 9680 --- [main] o.apache.catalina.core.StandardService   : Starting service [Tomcat]
2023-04-23 21:02:42.003  INFO 9680 --- [main] org.apache.catalina.core.StandardEngine  : Starting Servlet engine: [Apache Tomcat/9.0.64]
2023-04-23 21:02:42.149  INFO 9680 --- [main] o.a.c.c.C.[Tomcat].[localhost].[/]       : Initializing Spring embedded WebApplicationContext
2023-04-23 21:02:42.149  INFO 9680 --- [main] w.s.c.ServletWebServerApplicationContext : Root WebApplicationContext: initialization completed in 1772 ms
2023-04-23 21:02:42.384  INFO 9680 --- [main] o.hibernate.jpa.internal.util.LogHelper  : HHH000204: Processing PersistenceUnitInfo [name: default]
2023-04-23 21:02:42.450  INFO 9680 --- [main] org.hibernate.Version                    : HHH000412: Hibernate ORM core version 5.6.9.Final
2023-04-23 21:02:42.700  INFO 9680 --- [main] o.hibernate.annotations.common.Version   : HCANN000001: Hibernate Commons Annotations {5.1.2.Final}
2023-04-23 21:02:42.828  INFO 9680 --- [main] com.zaxxer.hikari.HikariDataSource       : HikariPool-1 - Starting...
2023-04-23 21:02:43.012  INFO 9680 --- [main] com.zaxxer.hikari.HikariDataSource       : HikariPool-1 - Start completed.
2023-04-23 21:02:43.043  INFO 9680 --- [main] org.hibernate.dialect.Dialect            : HHH000400: Using dialect: org.hibernate.dialect.MySQL8Dialect
2023-04-23 21:02:44.054  INFO 9680 --- [main] o.h.e.t.j.p.i.JtaPlatformInitiator       : HHH000490: Using JtaPlatform implementation: [org.hibernate.engine.transaction.jta.platform.internal.NoJtaPlatform]
2023-04-23 21:02:44.061  INFO 9680 --- [main] j.LocalContainerEntityManagerFactoryBean : Initialized JPA EntityManagerFactory for persistence unit 'default'
2023-04-23 21:02:44.588  WARN 9680 --- [main] JpaBaseConfiguration$JpaWebConfiguration : spring.jpa.open-in-view is enabled by default. Therefore, database queries may be performed during view rendering. Explicitly configure spring.jpa.open-in-view to disable this warning
2023-04-23 21:02:44.778  INFO 9680 --- [main] o.s.b.a.w.s.WelcomePageHandlerMapping    : Adding welcome page template: index
2023-04-23 21:02:45.029  INFO 9680 --- [main] o.s.b.w.embedded.tomcat.TomcatWebServer  : Tomcat started on port(s): 8080 (http) with context path ''
2023-04-23 21:02:45.045  INFO 9680 --- [main] searchengine.Application                 : Started Application in 5.353 seconds (JVM running for 5.99)
2023-04-23 21:02:54.452  INFO 9680 --- [http-nio-8080-exec-2] o.a.c.c.C.[Tomcat].[localhost].[/]       : Initializing Spring DispatcherServlet 'dispatcherServlet'
2023-04-23 21:02:54.453  INFO 9680 --- [http-nio-8080-exec-2] o.s.web.servlet.DispatcherServlet        : Initializing Servlet 'dispatcherServlet'
2023-04-23 21:02:54.454  INFO 9680 --- [http-nio-8080-exec-2] o.s.web.servlet.DispatcherServlet        : Completed initialization in 1 ms
2023-04-23 21:02:54.478  INFO 9680 --- [http-nio-8080-exec-2] s.services.IndexingServiceImpl           : Старт очистки базы
2023-04-23 21:02:54.635  INFO 9680 --- [http-nio-8080-exec-2] s.services.IndexingServiceImpl           : Очистка закончена, старт индексации
2023-04-23 21:02:59.084  INFO 9680 --- [ForkJoinPool-1-worker-1] o.h.e.j.b.internal.AbstractBatchImpl     : HHH000010: On release of batch it still contained JDBC statements
2023-04-23 21:02:59.110  WARN 9680 --- [ForkJoinPool-1-worker-1] searchengine.services.CreatingMap        : org.springframework.orm.ObjectOptimisticLockingFailureException: Batch update returned unexpected row count from update [0]; actual row count: 0; expected: 1; statement executed: update lemmas set frequency=?, lemma=?, site_id=?, version=? where id=? and version=?; nested exception is org.hibernate.StaleStateException: Batch update returned unexpected row count from update [0]; actual row count: 0; expected: 1; statement executed: update lemmas set frequency=?, lemma=?, site_id=?, version=? where id=? and version=?
2023-04-23 21:02:59.147  INFO 9680 --- [ForkJoinPool-1-worker-7] o.h.e.j.b.internal.AbstractBatchImpl     : HHH000010: On release of batch it still contained JDBC statements
2023-04-23 21:02:59.158  WARN 9680 --- [ForkJoinPool-1-worker-7] searchengine.services.CreatingMap        : org.springframework.orm.ObjectOptimisticLockingFailureException: Batch update returned unexpected row count from update [0]; actual row count: 0; expected: 1; statement executed: update lemmas set frequency=?, lemma=?, site_id=?, version=? where id=? and version=?; nested exception is org.hibernate.StaleStateException: Batch update returned unexpected row count from update [0]; actual row count: 0; expected: 1; statement executed: update lemmas set frequency=?, lemma=?, site_id=?, version=? where id=? and version=?
2023-04-23 21:02:59.609  INFO 9680 --- [ForkJoinPool-1-worker-4] o.h.e.j.b.internal.AbstractBatchImpl     : HHH000010: On release of batch it still contained JDBC statements
2023-04-23 21:02:59.620  WARN 9680 --- [ForkJoinPool-1-worker-4] searchengine.services.CreatingMap        : org.springframework.orm.ObjectOptimisticLockingFailureException: Batch update returned unexpected row count from update [0]; actual row count: 0; expected: 1; statement executed: update lemmas set frequency=?, lemma=?, site_id=?, version=? where id=? and version=?; nested exception is org.hibernate.StaleStateException: Batch update returned unexpected row count from update [0]; actual row count: 0; expected: 1; statement executed: update lemmas set frequency=?, lemma=?, site_id=?, version=? where id=? and version=?
2023-04-23 21:02:59.622  INFO 9680 --- [ForkJoinPool-1-worker-5] o.h.e.j.b.internal.AbstractBatchImpl     : HHH000010: On release of batch it still contained JDBC statements
2023-04-23 21:02:59.640  WARN 9680 --- [ForkJoinPool-1-worker-5] searchengine.services.CreatingMap        : org.springframework.orm.ObjectOptimisticLockingFailureException: Batch update returned unexpected row count from update [0]; actual row count: 0; expected: 1; statement executed: update lemmas set frequency=?, lemma=?, site_id=?, version=? where id=? and version=?; nested exception is org.hibernate.StaleStateException: Batch update returned unexpected row count from update [0]; actual row count: 0; expected: 1; statement executed: update lemmas set frequency=?, lemma=?, site_id=?, version=? where id=? and version=?
2023-04-23 21:02:59.714  INFO 9680 --- [ForkJoinPool-1-worker-8] o.h.e.j.b.internal.AbstractBatchImpl     : HHH000010: On release of batch it still contained JDBC statements
2023-04-23 21:02:59.722  WARN 9680 --- [ForkJoinPool-1-worker-8] searchengine.services.CreatingMap        : org.springframework.orm.ObjectOptimisticLockingFailureException: Batch update returned unexpected row count from update [0]; actual row count: 0; expected: 1; statement executed: update lemmas set frequency=?, lemma=?, site_id=?, version=? where id=? and version=?; nested exception is org.hibernate.StaleStateException: Batch update returned unexpected row count from update [0]; actual row count: 0; expected: 1; statement executed: update lemmas set frequency=?, lemma=?, site_id=?, version=? where id=? and version=?
2023-04-23 21:03:01.668  INFO 9680 --- [ForkJoinPool-1-worker-4] o.h.e.j.b.internal.AbstractBatchImpl     : HHH000010: On release of batch it still contained JDBC statements
2023-04-23 21:03:01.681  WARN 9680 --- [ForkJoinPool-1-worker-4] searchengine.services.CreatingMap        : org.springframework.orm.ObjectOptimisticLockingFailureException: Batch update returned unexpected row count from update [0]; actual row count: 0; expected: 1; statement executed: update lemmas set frequency=?, lemma=?, site_id=?, version=? where id=? and version=?; nested exception is org.hibernate.StaleStateException: Batch update returned unexpected row count from update [0]; actual row count: 0; expected: 1; statement executed: update lemmas set frequency=?, lemma=?, site_id=?, version=? where id=? and version=?
2023-04-23 21:03:02.134  WARN 9680 --- [ForkJoinPool-1-worker-3] searchengine.services.CreatingMap        : org.springframework.orm.ObjectOptimisticLockingFailureException: Object of class [searchengine.model.Lemma] with identifier [119]: optimistic locking failed; nested exception is org.hibernate.StaleObjectStateException: Row was updated or deleted by another transaction (or unsaved-value mapping was incorrect) : [searchengine.model.Lemma#119]
2023-04-23 21:03:03.349  WARN 9680 --- [ForkJoinPool-1-worker-5] searchengine.services.CreatingMap        : org.springframework.orm.ObjectOptimisticLockingFailureException: Object of class [searchengine.model.Lemma] with identifier [226]: optimistic locking failed; nested exception is org.hibernate.StaleObjectStateException: Row was updated or deleted by another transaction (or unsaved-value mapping was incorrect) : [searchengine.model.Lemma#226]
2023-04-23 21:03:05.257  INFO 9680 --- [ForkJoinPool-1-worker-3] o.h.e.j.b.internal.AbstractBatchImpl     : HHH000010: On release of batch it still contained JDBC statements
2023-04-23 21:03:05.283  WARN 9680 --- [ForkJoinPool-1-worker-3] searchengine.services.CreatingMap        : org.springframework.orm.ObjectOptimisticLockingFailureException: Batch update returned unexpected row count from update [0]; actual row count: 0; expected: 1; statement executed: update lemmas set frequency=?, lemma=?, site_id=?, version=? where id=? and version=?; nested exception is org.hibernate.StaleStateException: Batch update returned unexpected row count from update [0]; actual row count: 0; expected: 1; statement executed: update lemmas set frequency=?, lemma=?, site_id=?, version=? where id=? and version=?
2023-04-23 21:03:06.121  INFO 9680 --- [ForkJoinPool-1-worker-6] o.h.e.j.b.internal.AbstractBatchImpl     : HHH000010: On release of batch it still contained JDBC statements
2023-04-23 21:03:06.130  WARN 9680 --- [ForkJoinPool-1-worker-6] searchengine.services.CreatingMap        : org.springframework.orm.ObjectOptimisticLockingFailureException: Batch update returned unexpected row count from update [0]; actual row count: 0; expected: 1; statement executed: update lemmas set frequency=?, lemma=?, site_id=?, version=? where id=? and version=?; nested exception is org.hibernate.StaleStateException: Batch update returned unexpected row count from update [0]; actual row count: 0; expected: 1; statement executed: update lemmas set frequency=?, lemma=?, site_id=?, version=? where id=? and version=?
2023-04-23 21:03:10.426  INFO 9680 --- [ForkJoinPool-2-worker-1] o.h.e.j.b.internal.AbstractBatchImpl     : HHH000010: On release of batch it still contained JDBC statements
2023-04-23 21:03:10.428  INFO 9680 --- [ForkJoinPool-2-worker-8] o.h.e.j.b.internal.AbstractBatchImpl     : HHH000010: On release of batch it still contained JDBC statements
2023-04-23 21:03:10.473  WARN 9680 --- [ForkJoinPool-2-worker-1] searchengine.services.CreatingMap        : org.springframework.orm.ObjectOptimisticLockingFailureException: Batch update returned unexpected row count from update [0]; actual row count: 0; expected: 1; statement executed: update lemmas set frequency=?, lemma=?, site_id=?, version=? where id=? and version=?; nested exception is org.hibernate.StaleStateException: Batch update returned unexpected row count from update [0]; actual row count: 0; expected: 1; statement executed: update lemmas set frequency=?, lemma=?, site_id=?, version=? where id=? and version=?
2023-04-23 21:03:10.599  WARN 9680 --- [ForkJoinPool-2-worker-8] searchengine.services.CreatingMap        : org.springframework.orm.ObjectOptimisticLockingFailureException: Batch update returned unexpected row count from update [0]; actual row count: 0; expected: 1; statement executed: update lemmas set frequency=?, lemma=?, site_id=?, version=? where id=? and version=?; nested exception is org.hibernate.StaleStateException: Batch update returned unexpected row count from update [0]; actual row count: 0; expected: 1; statement executed: update lemmas set frequency=?, lemma=?, site_id=?, version=? where id=? and version=?
2023-04-23 21:03:10.620  WARN 9680 --- [ForkJoinPool-2-worker-3] searchengine.services.CreatingMap        : org.springframework.orm.ObjectOptimisticLockingFailureException: Object of class [searchengine.model.Lemma] with identifier [1999]: optimistic locking failed; nested exception is org.hibernate.StaleObjectStateException: Row was updated or deleted by another transaction (or unsaved-value mapping was incorrect) : [searchengine.model.Lemma#1999]
2023-04-23 21:03:10.768  INFO 9680 --- [ForkJoinPool-1-worker-8] o.h.e.j.b.internal.AbstractBatchImpl     : HHH000010: On release of batch it still contained JDBC statements
2023-04-23 21:03:10.776  WARN 9680 --- [ForkJoinPool-1-worker-8] searchengine.services.CreatingMap        : org.springframework.orm.ObjectOptimisticLockingFailureException: Batch update returned unexpected row count from update [0]; actual row count: 0; expected: 1; statement executed: update lemmas set frequency=?, lemma=?, site_id=?, version=? where id=? and version=?; nested exception is org.hibernate.StaleStateException: Batch update returned unexpected row count from update [0]; actual row count: 0; expected: 1; statement executed: update lemmas set frequency=?, lemma=?, site_id=?, version=? where id=? and version=?
2023-04-23 21:03:13.124  INFO 9680 --- [ForkJoinPool-2-worker-2] o.h.e.j.b.internal.AbstractBatchImpl     : HHH000010: On release of batch it still contained JDBC statements
2023-04-23 21:03:13.165  INFO 9680 --- [ForkJoinPool-1-worker-7] o.h.e.j.b.internal.AbstractBatchImpl     : HHH000010: On release of batch it still contained JDBC statements
2023-04-23 21:03:13.188  WARN 9680 --- [ForkJoinPool-2-worker-2] searchengine.services.CreatingMap        : org.springframework.orm.ObjectOptimisticLockingFailureException: Batch update returned unexpected row count from update [0]; actual row count: 0; expected: 1; statement executed: update lemmas set frequency=?, lemma=?, site_id=?, version=? where id=? and version=?; nested exception is org.hibernate.StaleStateException: Batch update returned unexpected row count from update [0]; actual row count: 0; expected: 1; statement executed: update lemmas set frequency=?, lemma=?, site_id=?, version=? where id=? and version=?
2023-04-23 21:03:13.197  WARN 9680 --- [ForkJoinPool-1-worker-8] searchengine.services.CreatingMap        : org.springframework.orm.ObjectOptimisticLockingFailureException: Object of class [searchengine.model.Lemma] with identifier [14]: optimistic locking failed; nested exception is org.hibernate.StaleObjectStateException: Row was updated or deleted by another transaction (or unsaved-value mapping was incorrect) : [searchengine.model.Lemma#14]
2023-04-23 21:03:13.218  WARN 9680 --- [ForkJoinPool-1-worker-7] searchengine.services.CreatingMap        : org.springframework.orm.ObjectOptimisticLockingFailureException: Batch update returned unexpected row count from update [0]; actual row count: 0; expected: 1; statement executed: update lemmas set frequency=?, lemma=?, site_id=?, version=? where id=? and version=?; nested exception is org.hibernate.StaleStateException: Batch update returned unexpected row count from update [0]; actual row count: 0; expected: 1; statement executed: update lemmas set frequency=?, lemma=?, site_id=?, version=? where id=? and version=?
2023-04-23 21:03:15.354  WARN 9680 --- [ForkJoinPool-2-worker-5] o.h.engine.jdbc.spi.SqlExceptionHelper   : SQL Error: 0, SQLState: null
2023-04-23 21:03:15.355 ERROR 9680 --- [ForkJoinPool-2-worker-5] o.h.engine.jdbc.spi.SqlExceptionHelper   : HikariPool-1 - Interrupted during connection acquisition
2023-04-23 21:03:15.356  WARN 9680 --- [ForkJoinPool-3-worker-1] o.h.engine.jdbc.spi.SqlExceptionHelper   : SQL Error: 0, SQLState: null
2023-04-23 21:03:15.359 ERROR 9680 --- [ForkJoinPool-3-worker-1] o.h.engine.jdbc.spi.SqlExceptionHelper   : HikariPool-1 - Interrupted during connection acquisition
2023-04-23 21:03:15.359  WARN 9680 --- [ForkJoinPool-1-worker-3] o.h.engine.jdbc.spi.SqlExceptionHelper   : SQL Error: 0, SQLState: null
2023-04-23 21:03:15.356  WARN 9680 --- [ForkJoinPool-2-worker-2] o.h.engine.jdbc.spi.SqlExceptionHelper   : SQL Error: 0, SQLState: null
2023-04-23 21:03:15.359  INFO 9680 --- [ForkJoinPool-2-worker-5] searchengine.services.CreatingMap        : Индексация остановлена пользователем: https://skillbox.ru/
2023-04-23 21:03:15.361  INFO 9680 --- [ForkJoinPool-3-worker-1] searchengine.services.CreatingMap        : Индексация остановлена пользователем: https://lenta.ru/
2023-04-23 21:03:15.361 ERROR 9680 --- [ForkJoinPool-2-worker-2] o.h.engine.jdbc.spi.SqlExceptionHelper   : HikariPool-1 - Interrupted during connection acquisition
2023-04-23 21:03:15.361  WARN 9680 --- [ForkJoinPool-3-worker-1] o.h.engine.jdbc.spi.SqlExceptionHelper   : SQL Error: 0, SQLState: null
2023-04-23 21:03:15.361 ERROR 9680 --- [ForkJoinPool-3-worker-1] o.h.engine.jdbc.spi.SqlExceptionHelper   : HikariPool-1 - Interrupted during connection acquisition
2023-04-23 21:03:15.361  WARN 9680 --- [ForkJoinPool-2-worker-5] o.h.engine.jdbc.spi.SqlExceptionHelper   : SQL Error: 0, SQLState: null
2023-04-23 21:03:15.362 ERROR 9680 --- [ForkJoinPool-2-worker-5] o.h.engine.jdbc.spi.SqlExceptionHelper   : HikariPool-1 - Interrupted during connection acquisition
2023-04-23 21:03:15.362  INFO 9680 --- [ForkJoinPool-2-worker-2] searchengine.services.CreatingMap        : Индексация остановлена пользователем: https://skillbox.ru/
2023-04-23 21:03:15.362  WARN 9680 --- [ForkJoinPool-2-worker-2] o.h.engine.jdbc.spi.SqlExceptionHelper   : SQL Error: 0, SQLState: null
2023-04-23 21:03:15.362 ERROR 9680 --- [ForkJoinPool-2-worker-2] o.h.engine.jdbc.spi.SqlExceptionHelper   : HikariPool-1 - Interrupted during connection acquisition
2023-04-23 21:03:15.361 ERROR 9680 --- [ForkJoinPool-1-worker-3] o.h.engine.jdbc.spi.SqlExceptionHelper   : HikariPool-1 - Interrupted during connection acquisition
2023-04-23 21:03:15.362  INFO 9680 --- [ForkJoinPool-1-worker-3] searchengine.services.CreatingMap        : Индексация остановлена пользователем: https://www.playback.ru/
2023-04-23 21:03:15.364  WARN 9680 --- [ForkJoinPool-1-worker-8] o.h.engine.jdbc.spi.SqlExceptionHelper   : SQL Error: 0, SQLState: null
2023-04-23 21:03:15.364 ERROR 9680 --- [ForkJoinPool-1-worker-8] o.h.engine.jdbc.spi.SqlExceptionHelper   : HikariPool-1 - Interrupted during connection acquisition
2023-04-23 21:03:15.364  INFO 9680 --- [ForkJoinPool-1-worker-8] searchengine.services.CreatingMap        : Индексация остановлена пользователем: https://www.playback.ru/
2023-04-23 21:03:15.366  INFO 9680 --- [ForkJoinPool-1-worker-2] searchengine.services.CreatingMap        : Индексация остановлена пользователем: https://www.playback.ru/
2023-04-23 21:03:15.366  INFO 9680 --- [ForkJoinPool-1-worker-5] searchengine.services.CreatingMap        : Индексация остановлена пользователем: https://www.playback.ru/
2023-04-23 21:03:15.374  INFO 9680 --- [ForkJoinPool-2-worker-8] searchengine.services.CreatingMap        : Индексация остановлена пользователем: https://skillbox.ru/
2023-04-23 21:03:15.376  INFO 9680 --- [ForkJoinPool-1-worker-4] searchengine.services.CreatingMap        : Индексация остановлена пользователем: https://www.playback.ru/
2023-04-23 21:03:15.376  INFO 9680 --- [ForkJoinPool-1-worker-6] searchengine.services.CreatingMap        : Индексация остановлена пользователем: https://www.playback.ru/
2023-04-23 21:03:15.386  INFO 9680 --- [ForkJoinPool-2-worker-4] searchengine.services.CreatingMap        : Индексация остановлена пользователем: https://skillbox.ru/
2023-04-23 21:03:15.394  WARN 9680 --- [ForkJoinPool-2-worker-7] o.h.engine.jdbc.spi.SqlExceptionHelper   : SQL Error: 0, SQLState: null
2023-04-23 21:03:15.394 ERROR 9680 --- [ForkJoinPool-2-worker-7] o.h.engine.jdbc.spi.SqlExceptionHelper   : HikariPool-1 - Interrupted during connection acquisition
2023-04-23 21:03:15.394  INFO 9680 --- [ForkJoinPool-2-worker-7] searchengine.services.CreatingMap        : Индексация остановлена пользователем: https://skillbox.ru/
2023-04-23 21:03:15.396  WARN 9680 --- [ForkJoinPool-2-worker-7] o.h.engine.jdbc.spi.SqlExceptionHelper   : SQL Error: 0, SQLState: null
2023-04-23 21:03:15.396 ERROR 9680 --- [ForkJoinPool-2-worker-7] o.h.engine.jdbc.spi.SqlExceptionHelper   : HikariPool-1 - Interrupted during connection acquisition
2023-04-23 21:03:15.396  INFO 9680 --- [ForkJoinPool-2-worker-6] searchengine.services.CreatingMap        : Индексация остановлена пользователем: https://skillbox.ru/
2023-04-23 21:03:15.396  INFO 9680 --- [ForkJoinPool-2-worker-3] searchengine.services.CreatingMap        : Индексация остановлена пользователем: https://skillbox.ru/
2023-04-23 21:03:15.404  WARN 9680 --- [ForkJoinPool-1-worker-3] searchengine.services.CreatingMap        : org.springframework.transaction.CannotCreateTransactionException: Could not open JPA EntityManager for transaction; nested exception is org.hibernate.exception.GenericJDBCException: Unable to acquire JDBC Connection
2023-04-23 21:03:15.404  WARN 9680 --- [ForkJoinPool-1-worker-8] searchengine.services.CreatingMap        : org.springframework.transaction.CannotCreateTransactionException: Could not open JPA EntityManager for transaction; nested exception is org.hibernate.exception.GenericJDBCException: Unable to acquire JDBC Connection
2023-04-23 21:03:15.423  WARN 9680 --- [ForkJoinPool-2-worker-8] searchengine.services.CreatingMap        : java.lang.InterruptedException: sleep interrupted
2023-04-23 21:03:15.424  WARN 9680 --- [ForkJoinPool-2-worker-4] searchengine.services.CreatingMap        : java.lang.InterruptedException: sleep interrupted
2023-04-23 21:03:15.424  WARN 9680 --- [ForkJoinPool-2-worker-3] searchengine.services.CreatingMap        : java.lang.InterruptedException: sleep interrupted
2023-04-23 21:03:15.424  WARN 9680 --- [ForkJoinPool-2-worker-6] searchengine.services.CreatingMap        : java.lang.InterruptedException: sleep interrupted
2023-04-23 21:03:15.428  WARN 9680 --- [ForkJoinPool-1-worker-5] searchengine.services.CreatingMap        : java.lang.InterruptedException: sleep interrupted
2023-04-23 21:03:15.431  WARN 9680 --- [ForkJoinPool-1-worker-2] searchengine.services.CreatingMap        : java.lang.InterruptedException: sleep interrupted
2023-04-23 21:03:15.431  WARN 9680 --- [ForkJoinPool-1-worker-4] searchengine.services.CreatingMap        : java.lang.InterruptedException: sleep interrupted
2023-04-23 21:03:15.433  WARN 9680 --- [ForkJoinPool-1-worker-6] searchengine.services.CreatingMap        : java.lang.InterruptedException: sleep interrupted
2023-04-23 21:03:15.507  INFO 9680 --- [ForkJoinPool-1-worker-7] searchengine.services.CreatingMap        : Индексация остановлена пользователем: https://www.playback.ru/
2023-04-23 21:03:15.517  WARN 9680 --- [ForkJoinPool-1-worker-7] searchengine.services.CreatingMap        : java.lang.InterruptedException: sleep interrupted
